<?xml version="1.0" encoding="UTF-8"?>
<robot generator="Robot 3.1.2 (Python 3.7.3 on darwin)" generated="20200317 12:41:29.407" rpa="false">
<suite id="s1" name="01-CenterSearch" source="/Users/jamessiscaretti/Documents/GitHub/robot-python-example/features/01-CenterSearch.robot">
<test id="s1-t1" name="Center Search by ZIP">
<kw name="I go to Kindercare Home Page" library="CenterSearchKW">
<kw name="Open Browser" library="SeleniumLibrary">
<doc>Opens a new browser instance to the optional ``url``.</doc>
<arguments>
<arg>${DCURL}</arg>
<arg>${BROWSER}</arg>
<arg>${DELAY}</arg>
</arguments>
<msg timestamp="20200317 12:41:30.464" level="INFO">Opening browser 'Chrome' to base url 'https://www.kindercare.com'.</msg>
<status status="PASS" starttime="20200317 12:41:30.463" endtime="20200317 12:41:40.436"></status>
</kw>
<kw name="Delete All Cookies" library="SeleniumLibrary">
<doc>Deletes all cookies.</doc>
<status status="PASS" starttime="20200317 12:41:40.436" endtime="20200317 12:41:44.565"></status>
</kw>
<kw name="Get Cookies" library="SeleniumLibrary">
<doc>Returns all cookies of the current page.</doc>
<assign>
<var>${COOKIES}</var>
</assign>
<msg timestamp="20200317 12:41:44.571" level="INFO">${COOKIES} = gap%3AUA-564853-1%3A18007098781=%7B%22mobile%22%3A%22%2B18555049180%22%2C%22display%22%3A%22(855)%20504-9180%22%2C%22expires%22%3A1584474699%7D</msg>
<status status="PASS" starttime="20200317 12:41:44.566" endtime="20200317 12:41:44.571"></status>
</kw>
<kw name="Log" library="BuiltIn">
<doc>Logs the given message with the given level.</doc>
<arguments>
<arg>${COOKIES}</arg>
</arguments>
<msg timestamp="20200317 12:41:44.572" level="INFO">gap%3AUA-564853-1%3A18007098781=%7B%22mobile%22%3A%22%2B18555049180%22%2C%22display%22%3A%22(855)%20504-9180%22%2C%22expires%22%3A1584474699%7D</msg>
<status status="PASS" starttime="20200317 12:41:44.571" endtime="20200317 12:41:44.572"></status>
</kw>
<status status="PASS" starttime="20200317 12:41:30.463" endtime="20200317 12:41:44.572"></status>
</kw>
<kw name="Home Page Title should be" library="CenterSearchKW">
<kw name="Title Should Be" library="SeleniumLibrary">
<doc>Verifies that the current page title equals ``title``.</doc>
<arguments>
<arg>${HOMEPAGETITLE}</arg>
</arguments>
<msg timestamp="20200317 12:41:44.579" level="INFO">Page title is 'KinderCare | Child Daycare Centers &amp; Early Education Programs'.</msg>
<status status="PASS" starttime="20200317 12:41:44.573" endtime="20200317 12:41:44.579"></status>
</kw>
<status status="PASS" starttime="20200317 12:41:44.572" endtime="20200317 12:41:44.579"></status>
</kw>
<kw name="I click Find Your Center" library="CenterSearchKW">
<kw name="Click Element" library="SeleniumLibrary">
<doc>Click the element identified by ``locator``.</doc>
<arguments>
<arg>${ALLOW}</arg>
</arguments>
<msg timestamp="20200317 12:41:44.580" level="INFO">Clicking element 'xpath:/html/body/div[2]/div[2]'.</msg>
<status status="PASS" starttime="20200317 12:41:44.580" endtime="20200317 12:41:45.842"></status>
</kw>
<kw name="Click Element" library="SeleniumLibrary">
<doc>Click the element identified by ``locator``.</doc>
<arguments>
<arg>${FINDCENTER}</arg>
</arguments>
<msg timestamp="20200317 12:41:45.843" level="INFO">Clicking element 'xpath://a[contains(text(),'Find Your Center')]'.</msg>
<status status="PASS" starttime="20200317 12:41:45.842" endtime="20200317 12:41:47.221"></status>
</kw>
<status status="PASS" starttime="20200317 12:41:44.579" endtime="20200317 12:41:47.222"></status>
</kw>
<kw name="It should have taken me to Center Search Results | KinderCare" library="CenterSearchKW">
<kw name="Title Should Be" library="SeleniumLibrary">
<doc>Verifies that the current page title equals ``title``.</doc>
<arguments>
<arg>${SEARCHPAGETITLE}</arg>
</arguments>
<msg timestamp="20200317 12:41:47.664" level="INFO">Page title is 'Center Search Results | KinderCare'.</msg>
<status status="PASS" starttime="20200317 12:41:47.223" endtime="20200317 12:41:47.665"></status>
</kw>
<status status="PASS" starttime="20200317 12:41:47.222" endtime="20200317 12:41:47.665"></status>
</kw>
<kw name="I enter my zip code" library="CenterSearchKW">
<kw name="Clear Element Text" library="SeleniumLibrary">
<doc>Clears the value of the text-input-element identified by ``locator``.</doc>
<arguments>
<arg>${ZIPCODEINPUT}</arg>
</arguments>
<status status="PASS" starttime="20200317 12:41:47.667" endtime="20200317 12:41:48.059"></status>
</kw>
<kw name="Input Text" library="SeleniumLibrary">
<doc>Types the given ``text`` into the text field identified by ``locator``.</doc>
<arguments>
<arg>${ZIPCODEINPUT}</arg>
<arg>${ZIPCODE}</arg>
</arguments>
<msg timestamp="20200317 12:41:48.061" level="INFO">Typing text '97236' into text field 'xpath://*[@id="center-search-location"]'.</msg>
<status status="PASS" starttime="20200317 12:41:48.060" endtime="20200317 12:41:49.396"></status>
</kw>
<status status="PASS" starttime="20200317 12:41:47.666" endtime="20200317 12:41:49.396"></status>
</kw>
<kw name="Click Search Again" library="CenterSearchKW">
<kw name="Click Element" library="SeleniumLibrary">
<doc>Click the element identified by ``locator``.</doc>
<arguments>
<arg>${SEARCHAGAIN}</arg>
</arguments>
<msg timestamp="20200317 12:41:49.397" level="INFO">Clicking element 'xpath://main[@id='main']/div[2]/aside/div[2]/form/fieldset[4]/button'.</msg>
<status status="PASS" starttime="20200317 12:41:49.397" endtime="20200317 12:41:49.774"></status>
</kw>
<status status="PASS" starttime="20200317 12:41:49.396" endtime="20200317 12:41:49.774"></status>
</kw>
<kw name="I can see the center and click Tuition and Openings" library="CenterSearchKW">
<kw name="Wait Until Page Contains Element" library="SeleniumLibrary">
<doc>Waits until the element ``locator`` appears on the current page.</doc>
<arguments>
<arg>${VERCETNERNAME}</arg>
</arguments>
<status status="PASS" starttime="20200317 12:41:49.775" endtime="20200317 12:41:51.377"></status>
</kw>
<kw name="Element Text Should Be" library="SeleniumLibrary">
<doc>Verifies that element ``locator`` contains exact the text ``expected``.</doc>
<arguments>
<arg>${VERCETNERNAME}</arg>
<arg>Powell KinderCare</arg>
</arguments>
<msg timestamp="20200317 12:41:51.378" level="INFO">Verifying element 'xpath://h2[contains(.,'Powell KinderCare')]' contains exact text 'Powell KinderCare'.</msg>
<status status="PASS" starttime="20200317 12:41:51.378" endtime="20200317 12:41:51.929"></status>
</kw>
<kw name="Click Element" library="SeleniumLibrary">
<doc>Click the element identified by ``locator``.</doc>
<arguments>
<arg>${TUITIONOPENINGS}</arg>
</arguments>
<msg timestamp="20200317 12:41:51.930" level="INFO">Clicking element 'xpath://a[contains(text(),'Tuition &amp; Openings')]'.</msg>
<status status="PASS" starttime="20200317 12:41:51.929" endtime="20200317 12:41:52.744"></status>
</kw>
<status status="PASS" starttime="20200317 12:41:49.774" endtime="20200317 12:41:52.745"></status>
</kw>
<kw name="I can see Powell KinderCare" library="CenterSearchKW">
<kw name="Element Text Should Be" library="SeleniumLibrary">
<doc>Verifies that element ``locator`` contains exact the text ``expected``.</doc>
<arguments>
<arg>${INPUTTITLE}</arg>
<arg>Powell KinderCare</arg>
</arguments>
<msg timestamp="20200317 12:41:52.747" level="INFO">Verifying element 'xpath://h2[contains(.,'Powell KinderCare')]' contains exact text 'Powell KinderCare'.</msg>
<status status="PASS" starttime="20200317 12:41:52.746" endtime="20200317 12:41:52.940"></status>
</kw>
<status status="PASS" starttime="20200317 12:41:52.745" endtime="20200317 12:41:52.940"></status>
</kw>
<kw name="I enter contact information" library="CenterSearchKW">
<kw name="Element Text Should Be" library="SeleniumLibrary">
<doc>Verifies that element ``locator`` contains exact the text ``expected``.</doc>
<arguments>
<arg>//h2[contains(.,'Powell KinderCare')]</arg>
<arg>Powell KinderCare</arg>
</arguments>
<msg timestamp="20200317 12:41:52.943" level="INFO">Verifying element '//h2[contains(.,'Powell KinderCare')]' contains exact text 'Powell KinderCare'.</msg>
<status status="PASS" starttime="20200317 12:41:52.942" endtime="20200317 12:41:53.230"></status>
</kw>
<kw name="Input First Name" library="ContactInfo">
<arguments>
<arg>${FFXPATH}</arg>
<arg>${FNXPATH}</arg>
<arg>${FN}</arg>
</arguments>
<kw name="Select Frame" library="SeleniumLibrary">
<doc>Sets frame identified by ``locator`` as the current frame.</doc>
<arguments>
<arg>${FFXPATH}</arg>
</arguments>
<msg timestamp="20200317 12:41:53.232" level="INFO">Selecting frame 'xpath://*[@id="iframe-tuition-modal"]'.</msg>
<status status="PASS" starttime="20200317 12:41:53.232" endtime="20200317 12:41:53.577"></status>
</kw>
<kw name="Input Text" library="SeleniumLibrary">
<doc>Types the given ``text`` into the text field identified by ``locator``.</doc>
<arguments>
<arg>${FNXPATH}</arg>
<arg>${FN}</arg>
</arguments>
<msg timestamp="20200317 12:41:53.578" level="INFO">Typing text 'First Name!!' into text field 'xpath://input[@id='FirstName']'.</msg>
<status status="PASS" starttime="20200317 12:41:53.577" endtime="20200317 12:41:53.816"></status>
</kw>
<status status="PASS" starttime="20200317 12:41:53.231" endtime="20200317 12:41:53.816"></status>
</kw>
<kw name="Input Last Name" library="ContactInfo">
<arguments>
<arg>${LNXPATH}</arg>
<arg>${LN}</arg>
</arguments>
<kw name="Input Text" library="SeleniumLibrary">
<doc>Types the given ``text`` into the text field identified by ``locator``.</doc>
<arguments>
<arg>${LNXPATH}</arg>
<arg>${LN}</arg>
</arguments>
<msg timestamp="20200317 12:41:53.817" level="INFO">Typing text 'Last Name!!' into text field 'xpath://input[@id='LastName']'.</msg>
<status status="PASS" starttime="20200317 12:41:53.817" endtime="20200317 12:41:54.029"></status>
</kw>
<status status="PASS" starttime="20200317 12:41:53.816" endtime="20200317 12:41:54.029"></status>
</kw>
<kw name="Input Email" library="ContactInfo">
<arguments>
<arg>${EMXPATH}</arg>
<arg>${EM}</arg>
</arguments>
<kw name="Input Text" library="SeleniumLibrary">
<doc>Types the given ``text`` into the text field identified by ``locator``.</doc>
<arguments>
<arg>${EMXPATH}</arg>
<arg>${EM}</arg>
</arguments>
<msg timestamp="20200317 12:41:54.031" level="INFO">Typing text 'test@test.com' into text field 'xpath://input[@id='EmailAddress']'.</msg>
<status status="PASS" starttime="20200317 12:41:54.031" endtime="20200317 12:41:54.243"></status>
</kw>
<status status="PASS" starttime="20200317 12:41:54.030" endtime="20200317 12:41:54.243"></status>
</kw>
<kw name="Input Confirm Email" library="ContactInfo">
<arguments>
<arg>${CEMXPATH}</arg>
<arg>${CEM}</arg>
</arguments>
<kw name="Input Text" library="SeleniumLibrary">
<doc>Types the given ``text`` into the text field identified by ``locator``.</doc>
<arguments>
<arg>${CEMXPATH}</arg>
<arg>${LN}</arg>
</arguments>
<msg timestamp="20200317 12:41:54.245" level="INFO">Typing text 'test@test.com' into text field 'xpath://input[@id='ConfirmEmailAddress']'.</msg>
<status status="PASS" starttime="20200317 12:41:54.245" endtime="20200317 12:41:54.439"></status>
</kw>
<status status="PASS" starttime="20200317 12:41:54.244" endtime="20200317 12:41:54.439"></status>
</kw>
<kw name="Input Phone Number" library="ContactInfo">
<arguments>
<arg>${PNUMXPATH}</arg>
<arg>${PNUM}</arg>
</arguments>
<kw name="Input Text" library="SeleniumLibrary">
<doc>Types the given ``text`` into the text field identified by ``locator``.</doc>
<arguments>
<arg>${PNUMXPATH}</arg>
<arg>${PNUM}</arg>
</arguments>
<msg timestamp="20200317 12:41:54.441" level="INFO">Typing text '555-555-5555' into text field 'xpath://input[@id='PhoneNumber']'.</msg>
<status status="PASS" starttime="20200317 12:41:54.440" endtime="20200317 12:41:54.618"></status>
</kw>
<status status="PASS" starttime="20200317 12:41:54.439" endtime="20200317 12:41:54.618"></status>
</kw>
<kw name="Capture Page Screenshot" library="SeleniumLibrary">
<doc>Takes a screenshot of the current page and embeds it into a log file.</doc>
<msg timestamp="20200317 12:41:55.013" level="INFO" html="yes">&lt;/td&gt;&lt;/tr&gt;&lt;tr&gt;&lt;td colspan="3"&gt;&lt;a href="selenium-screenshot-98.png"&gt;&lt;img src="selenium-screenshot-98.png" width="800px"&gt;&lt;/a&gt;</msg>
<status status="PASS" starttime="20200317 12:41:54.618" endtime="20200317 12:41:55.013"></status>
</kw>
<status status="PASS" starttime="20200317 12:41:52.941" endtime="20200317 12:41:55.013"></status>
</kw>
<status status="PASS" starttime="20200317 12:41:30.462" endtime="20200317 12:41:55.014" critical="yes"></status>
</test>
<test id="s1-t2" name="[teardown]">
<kw name="Close Window" library="SeleniumLibrary">
<doc>Closes currently opened and selected browser window/tab.</doc>
<status status="PASS" starttime="20200317 12:41:55.015" endtime="20200317 12:41:55.448"></status>
</kw>
<kw name="Close Browser" library="SeleniumLibrary">
<doc>Closes the current browser.</doc>
<status status="PASS" starttime="20200317 12:41:55.449" endtime="20200317 12:41:55.553"></status>
</kw>
<status status="PASS" starttime="20200317 12:41:55.014" endtime="20200317 12:41:55.553" critical="yes"></status>
</test>
<doc>A test suite foucsed on search for a center

This test has a workflow that is created using keywords in
the imported resource file.</doc>
<status status="PASS" starttime="20200317 12:41:29.409" endtime="20200317 12:41:55.555"></status>
</suite>
<statistics>
<total>
<stat pass="2" fail="0">Critical Tests</stat>
<stat pass="2" fail="0">All Tests</stat>
</total>
<tag>
</tag>
<suite>
<stat pass="2" fail="0" id="s1" name="01-CenterSearch">01-CenterSearch</stat>
</suite>
</statistics>
<errors>
</errors>
</robot>
