<?xml version="1.0" encoding="UTF-8"?>
<robot generator="Robot 3.1.2 (Python 3.7.3 on darwin)" generated="20200312 13:25:42.608" rpa="false">
<suite id="s1" name="01-CenterSearch" source="/Users/jamessiscaretti/repo/robot-python-example/features/01-CenterSearch.robot">
<test id="s1-t1" name="Center Search by ZIP">
<kw name="I go to Kindercare Home Page" library="CenterSearchKW">
<kw name="Open Browser" library="SeleniumLibrary">
<doc>Opens a new browser instance to the optional ``url``.</doc>
<arguments>
<arg>${DCURL}</arg>
<arg>${BROWSER}</arg>
<arg>${DELAY}</arg>
</arguments>
<msg timestamp="20200312 13:25:45.078" level="INFO">Opening browser 'Chrome' to base url 'https://www.kindercare.com'.</msg>
<status status="PASS" starttime="20200312 13:25:45.078" endtime="20200312 13:26:04.314"></status>
</kw>
<kw name="Delete All Cookies" library="SeleniumLibrary">
<doc>Deletes all cookies.</doc>
<status status="PASS" starttime="20200312 13:26:04.314" endtime="20200312 13:26:07.314"></status>
</kw>
<kw name="Get Cookies" library="SeleniumLibrary">
<doc>Returns all cookies of the current page.</doc>
<assign>
<var>${COOKIES}</var>
</assign>
<msg timestamp="20200312 13:26:07.321" level="INFO">${COOKIES} = _fbp=fb.1.1584044765492.1118851227; gap%3AUA-564853-1%3A18007098781=%7B%22mobile%22%3A%22%2B18555049180%22%2C%22display%22%3A%22(855)%20504-9180%22%2C%22expires%22%3A1584045361%7D</msg>
<status status="PASS" starttime="20200312 13:26:07.315" endtime="20200312 13:26:07.321"></status>
</kw>
<kw name="Log" library="BuiltIn">
<doc>Logs the given message with the given level.</doc>
<arguments>
<arg>${COOKIES}</arg>
</arguments>
<msg timestamp="20200312 13:26:07.323" level="INFO">_fbp=fb.1.1584044765492.1118851227; gap%3AUA-564853-1%3A18007098781=%7B%22mobile%22%3A%22%2B18555049180%22%2C%22display%22%3A%22(855)%20504-9180%22%2C%22expires%22%3A1584045361%7D</msg>
<status status="PASS" starttime="20200312 13:26:07.322" endtime="20200312 13:26:07.323"></status>
</kw>
<status status="PASS" starttime="20200312 13:25:45.077" endtime="20200312 13:26:07.323"></status>
</kw>
<kw name="Home Page Title should be" library="CenterSearchKW">
<kw name="Title Should Be" library="SeleniumLibrary">
<doc>Verifies that the current page title equals ``title``.</doc>
<arguments>
<arg>${HOMEPAGETITLE}</arg>
</arguments>
<msg timestamp="20200312 13:26:07.333" level="INFO">Page title is 'KinderCare | Child Daycare Centers &amp; Early Education Programs'.</msg>
<status status="PASS" starttime="20200312 13:26:07.325" endtime="20200312 13:26:07.333"></status>
</kw>
<status status="PASS" starttime="20200312 13:26:07.324" endtime="20200312 13:26:07.333"></status>
</kw>
<kw name="I click Find Your Center" library="CenterSearchKW">
<kw name="Click Element" library="SeleniumLibrary">
<doc>Click the element identified by ``locator``.</doc>
<arguments>
<arg>${ALLOW}</arg>
</arguments>
<msg timestamp="20200312 13:26:07.336" level="INFO">Clicking element 'xpath:/html/body/div[2]/div[2]'.</msg>
<status status="PASS" starttime="20200312 13:26:07.335" endtime="20200312 13:26:08.587"></status>
</kw>
<kw name="Click Element" library="SeleniumLibrary">
<doc>Click the element identified by ``locator``.</doc>
<arguments>
<arg>${FINDCENTER}</arg>
</arguments>
<msg timestamp="20200312 13:26:08.587" level="INFO">Clicking element 'xpath://a[contains(text(),'Find Your Center')]'.</msg>
<status status="PASS" starttime="20200312 13:26:08.587" endtime="20200312 13:26:10.412"></status>
</kw>
<status status="PASS" starttime="20200312 13:26:07.334" endtime="20200312 13:26:10.413"></status>
</kw>
<kw name="It should have taken me to Center Search Results | KinderCare" library="CenterSearchKW">
<kw name="Title Should Be" library="SeleniumLibrary">
<doc>Verifies that the current page title equals ``title``.</doc>
<arguments>
<arg>${SEARCHPAGETITLE}</arg>
</arguments>
<msg timestamp="20200312 13:26:10.425" level="INFO">Page title is 'Center Search Results | KinderCare'.</msg>
<status status="PASS" starttime="20200312 13:26:10.415" endtime="20200312 13:26:10.425"></status>
</kw>
<status status="PASS" starttime="20200312 13:26:10.413" endtime="20200312 13:26:10.426"></status>
</kw>
<kw name="I enter my zip code" library="CenterSearchKW">
<kw name="Clear Element Text" library="SeleniumLibrary">
<doc>Clears the value of the text-input-element identified by ``locator``.</doc>
<arguments>
<arg>${ZIPCODEINPUT}</arg>
</arguments>
<status status="PASS" starttime="20200312 13:26:10.427" endtime="20200312 13:26:10.764"></status>
</kw>
<kw name="Input Text" library="SeleniumLibrary">
<doc>Types the given ``text`` into the text field identified by ``locator``.</doc>
<arguments>
<arg>${ZIPCODEINPUT}</arg>
<arg>${ZIPCODE}</arg>
</arguments>
<msg timestamp="20200312 13:26:10.765" level="INFO">Typing text '97236' into text field 'xpath://*[@id="center-search-location"]'.</msg>
<status status="PASS" starttime="20200312 13:26:10.764" endtime="20200312 13:26:12.768"></status>
</kw>
<status status="PASS" starttime="20200312 13:26:10.426" endtime="20200312 13:26:12.768"></status>
</kw>
<kw name="Click Search Again" library="CenterSearchKW">
<kw name="Click Element" library="SeleniumLibrary">
<doc>Click the element identified by ``locator``.</doc>
<arguments>
<arg>${SEARCHAGAIN}</arg>
</arguments>
<msg timestamp="20200312 13:26:12.769" level="INFO">Clicking element 'xpath://main[@id='main']/div[2]/aside/div[2]/form/fieldset[4]/button'.</msg>
<status status="PASS" starttime="20200312 13:26:12.769" endtime="20200312 13:26:13.057"></status>
</kw>
<status status="PASS" starttime="20200312 13:26:12.768" endtime="20200312 13:26:13.058"></status>
</kw>
<kw name="I can see the center and click Tuition and Openings" library="CenterSearchKW">
<kw name="Wait Until Page Contains Element" library="SeleniumLibrary">
<doc>Waits until the element ``locator`` appears on the current page.</doc>
<arguments>
<arg>${VERCETNERNAME}</arg>
</arguments>
<status status="PASS" starttime="20200312 13:26:13.059" endtime="20200312 13:26:14.704"></status>
</kw>
<kw name="Element Text Should Be" library="SeleniumLibrary">
<doc>Verifies that element ``locator`` contains exact the text ``expected``.</doc>
<arguments>
<arg>${VERCETNERNAME}</arg>
<arg>Powell KinderCare</arg>
</arguments>
<msg timestamp="20200312 13:26:14.705" level="INFO">Verifying element 'xpath://h2[contains(.,'Powell KinderCare')]' contains exact text 'Powell KinderCare'.</msg>
<status status="PASS" starttime="20200312 13:26:14.704" endtime="20200312 13:26:15.311"></status>
</kw>
<kw name="Click Element" library="SeleniumLibrary">
<doc>Click the element identified by ``locator``.</doc>
<arguments>
<arg>${TUITIONOPENINGS}</arg>
</arguments>
<msg timestamp="20200312 13:26:15.312" level="INFO">Clicking element 'xpath://a[contains(text(),'Tuition &amp; Openings')]'.</msg>
<status status="PASS" starttime="20200312 13:26:15.311" endtime="20200312 13:26:15.744"></status>
</kw>
<status status="PASS" starttime="20200312 13:26:13.058" endtime="20200312 13:26:15.744"></status>
</kw>
<kw name="I can see Powell KinderCare" library="CenterSearchKW">
<kw name="Element Text Should Be" library="SeleniumLibrary">
<doc>Verifies that element ``locator`` contains exact the text ``expected``.</doc>
<arguments>
<arg>${INPUTTITLE}</arg>
<arg>Powell KinderCare</arg>
</arguments>
<msg timestamp="20200312 13:26:15.746" level="INFO">Verifying element 'xpath://h2[contains(.,'Powell KinderCare')]' contains exact text 'Powell KinderCare'.</msg>
<status status="PASS" starttime="20200312 13:26:15.746" endtime="20200312 13:26:15.844"></status>
</kw>
<status status="PASS" starttime="20200312 13:26:15.745" endtime="20200312 13:26:15.845"></status>
</kw>
<kw name="I enter contact information" library="CenterSearchKW">
<kw name="Input First Name" library="ContactInfo">
<arguments>
<arg>${FNXPATH}</arg>
</arguments>
<msg timestamp="20200312 13:26:15.846" level="FAIL">Keyword 'ContactInfo.Input First Name' expected 2 arguments, got 1.</msg>
<status status="FAIL" starttime="20200312 13:26:15.846" endtime="20200312 13:26:15.846"></status>
</kw>
<status status="FAIL" starttime="20200312 13:26:15.845" endtime="20200312 13:26:15.846"></status>
</kw>
<status status="FAIL" starttime="20200312 13:25:45.076" endtime="20200312 13:26:15.847" critical="yes">Keyword 'ContactInfo.Input First Name' expected 2 arguments, got 1.</status>
</test>
<test id="s1-t2" name="[teardown]">
<kw name="Close Window" library="SeleniumLibrary">
<doc>Closes currently opened and selected browser window/tab.</doc>
<status status="PASS" starttime="20200312 13:26:15.849" endtime="20200312 13:26:16.310"></status>
</kw>
<kw name="Close Browser" library="SeleniumLibrary">
<doc>Closes the current browser.</doc>
<status status="PASS" starttime="20200312 13:26:16.311" endtime="20200312 13:26:16.519"></status>
</kw>
<status status="PASS" starttime="20200312 13:26:15.848" endtime="20200312 13:26:16.520" critical="yes"></status>
</test>
<doc>A test suite foucsed on search for a center

This test has a workflow that is created using keywords in
the imported resource file.</doc>
<status status="FAIL" starttime="20200312 13:25:42.640" endtime="20200312 13:26:16.523"></status>
</suite>
<statistics>
<total>
<stat pass="1" fail="1">Critical Tests</stat>
<stat pass="1" fail="1">All Tests</stat>
</total>
<tag>
</tag>
<suite>
<stat pass="1" fail="1" id="s1" name="01-CenterSearch">01-CenterSearch</stat>
</suite>
</statistics>
<errors>
</errors>
</robot>
